mode: set
github.com/qvapay/client-go/api_auth.go:17.51,19.16 2 1
github.com/qvapay/client-go/api_auth.go:22.2,22.40 1 1
github.com/qvapay/client-go/api_auth.go:19.16,21.3 1 0
github.com/qvapay/client-go/api_auth.go:33.54,35.16 2 0
github.com/qvapay/client-go/api_auth.go:38.2,38.40 1 0
github.com/qvapay/client-go/api_auth.go:35.16,37.3 1 0
github.com/qvapay/client-go/api_auth.go:49.33,53.2 3 1
github.com/qvapay/client-go/api_auth.go:65.94,67.51 1 1
github.com/qvapay/client-go/api_auth.go:71.2,74.16 3 1
github.com/qvapay/client-go/api_auth.go:78.2,80.16 3 1
github.com/qvapay/client-go/api_auth.go:83.2,85.67 2 1
github.com/qvapay/client-go/api_auth.go:89.2,89.22 1 1
github.com/qvapay/client-go/api_auth.go:67.51,69.3 1 1
github.com/qvapay/client-go/api_auth.go:74.16,76.3 1 0
github.com/qvapay/client-go/api_auth.go:80.16,82.3 1 0
github.com/qvapay/client-go/api_auth.go:85.67,87.3 1 0
github.com/qvapay/client-go/api_auth.go:92.102,97.16 3 0
github.com/qvapay/client-go/api_auth.go:101.2,103.16 3 0
github.com/qvapay/client-go/api_auth.go:106.2,109.73 3 0
github.com/qvapay/client-go/api_auth.go:113.2,113.28 1 0
github.com/qvapay/client-go/api_auth.go:97.16,99.3 1 0
github.com/qvapay/client-go/api_auth.go:103.16,105.3 1 0
github.com/qvapay/client-go/api_auth.go:109.73,111.3 1 0
github.com/qvapay/client-go/api_auth.go:116.73,121.16 3 1
github.com/qvapay/client-go/api_auth.go:125.2,127.16 3 1
github.com/qvapay/client-go/api_auth.go:130.2,133.69 3 1
github.com/qvapay/client-go/api_auth.go:137.2,137.42 1 1
github.com/qvapay/client-go/api_auth.go:141.2,141.24 1 1
github.com/qvapay/client-go/api_auth.go:121.16,123.3 1 0
github.com/qvapay/client-go/api_auth.go:127.16,129.3 1 0
github.com/qvapay/client-go/api_auth.go:133.69,135.3 1 0
github.com/qvapay/client-go/api_auth.go:137.42,139.3 1 1
github.com/qvapay/client-go/client.go:41.55,43.26 2 1
github.com/qvapay/client-go/client.go:47.2,48.31 2 1
github.com/qvapay/client-go/client.go:55.2,65.10 2 1
github.com/qvapay/client-go/client.go:43.26,45.3 1 0
github.com/qvapay/client-go/client.go:48.31,50.3 1 0
github.com/qvapay/client-go/client.go:50.8,52.3 1 1
github.com/qvapay/client-go/client.go:81.78,82.20 1 1
github.com/qvapay/client-go/client.go:83.47,84.29 1 1
github.com/qvapay/client-go/client.go:85.10,86.22 1 1
github.com/qvapay/client-go/client.go:90.3,90.33 1 1
github.com/qvapay/client-go/client.go:86.22,88.4 1 0
github.com/qvapay/client-go/client.go:90.33,94.4 2 1
github.com/qvapay/client-go/client.go:94.9,96.4 1 0
github.com/qvapay/client-go/client.go:107.80,109.20 1 1
github.com/qvapay/client-go/client.go:132.2,132.28 1 1
github.com/qvapay/client-go/client.go:109.20,112.17 2 0
github.com/qvapay/client-go/client.go:116.3,122.17 5 0
github.com/qvapay/client-go/client.go:126.3,129.19 3 0
github.com/qvapay/client-go/client.go:112.17,115.4 2 0
github.com/qvapay/client-go/client.go:122.17,125.4 2 0
github.com/qvapay/client-go/client.go:139.82,144.2 3 1
github.com/qvapay/client-go/client.go:146.40,151.21 1 1
github.com/qvapay/client-go/client.go:151.21,156.38 1 1
github.com/qvapay/client-go/client.go:162.3,162.43 1 1
github.com/qvapay/client-go/client.go:156.38,158.18 2 1
github.com/qvapay/client-go/client.go:158.18,160.5 1 0
